<?xml version="1.0" encoding="UTF-8"?>
<testsuite xmlns:xsi="http://www.w3.org/2001/XMLSchema-instance" xsi:noNamespaceSchemaLocation="https://maven.apache.org/surefire/maven-surefire-plugin/xsd/surefire-test-report.xsd" name="OpenAICompletionServiceTest" time="0" tests="1" errors="0" skipped="1" failures="0">
  <properties>
[...]
</properties>
  <testcase name="should_retrieve_feedback_data_using_retrofit" classname="com.sample.customconnector.OpenAICompletionServiceTest" time="0">
    <skipped message="Ignored via @Ignore"/>
  </testcase>
</testsuite>